2026-01-17 07:38:41 +0000 - dagster - DEBUG - __ASSET_JOB - 32b8ff49-a276-48d4-b16e-d86c55ecb6bd - 1450 - LOGS_CAPTURED - Started capturing logs in process (pid: 1450).
2026-01-17 07:38:41 +0000 - dagster - DEBUG - __ASSET_JOB - 32b8ff49-a276-48d4-b16e-d86c55ecb6bd - 1450 - s3_to_snowflake_weather - STEP_START - Started execution of step "s3_to_snowflake_weather".
2026-01-17 07:38:41 +0000 - dagster - DEBUG - __ASSET_JOB - 32b8ff49-a276-48d4-b16e-d86c55ecb6bd - s3_to_snowflake_weather - Loading file from: /opt/dagster/dagster_home/storage/weather_snapshots using PickledObjectFilesystemIOManager...
2026-01-17 07:38:41 +0000 - dagster - DEBUG - __ASSET_JOB - 32b8ff49-a276-48d4-b16e-d86c55ecb6bd - 1450 - s3_to_snowflake_weather - LOADED_INPUT - Loaded input "weather_snapshots" using input manager "io_manager"
2026-01-17 07:38:41 +0000 - dagster - DEBUG - __ASSET_JOB - 32b8ff49-a276-48d4-b16e-d86c55ecb6bd - 1450 - s3_to_snowflake_weather - STEP_INPUT - Got input "weather_snapshots" of type "[Any]". (Type check passed).
2026-01-17 07:38:43 +0000 - dagster - ERROR - __ASSET_JOB - 32b8ff49-a276-48d4-b16e-d86c55ecb6bd - 1450 - s3_to_snowflake_weather - STEP_FAILURE - Execution of step "s3_to_snowflake_weather" failed.

dagster._core.errors.DagsterExecutionStepExecutionError: Error occurred while executing op "s3_to_snowflake_weather"::

IndexError: tuple index out of range

Stack Trace:
  File "/usr/local/lib/python3.12/site-packages/dagster/_core/execution/plan/utils.py", line 57, in op_execution_error_boundary
    yield
  File "/usr/local/lib/python3.12/site-packages/dagster/_utils/__init__.py", line 394, in iterate_with_context
    next_output = next(iterator)
                  ^^^^^^^^^^^^^^
  File "/usr/local/lib/python3.12/site-packages/dagster/_core/execution/plan/compute_generator.py", line 135, in _coerce_op_compute_fn_to_iterator
    result = invoke_compute_fn(
             ^^^^^^^^^^^^^^^^^^
  File "/usr/local/lib/python3.12/site-packages/dagster/_core/execution/plan/compute_generator.py", line 115, in invoke_compute_fn
    return fn(context, **args_to_pass) if context_arg_provided else fn(**args_to_pass)
           ^^^^^^^^^^^^^^^^^^^^^^^^^^^
  File "/opt/dagster/dagster_home/assets.py", line 93, in s3_to_snowflake_weather
    context.log.info(f"File: {row[0]} | Status: {row[1]} | Rows Loaded: {row[3]}")
                                                 ~~~^^^

