2026-01-17 09:55:12 +0000 - dagster - DEBUG - __ASSET_JOB - ba29dd7b-ebde-4a22-a587-eb3e880f32f7 - 1224 - LOGS_CAPTURED - Started capturing logs in process (pid: 1224).
2026-01-17 09:55:12 +0000 - dagster - DEBUG - __ASSET_JOB - ba29dd7b-ebde-4a22-a587-eb3e880f32f7 - 1224 - startup_cities_data - STEP_START - Started execution of step "startup_cities_data".
2026-01-17 09:55:14 +0000 - dagster - ERROR - __ASSET_JOB - ba29dd7b-ebde-4a22-a587-eb3e880f32f7 - 1224 - startup_cities_data - STEP_FAILURE - Execution of step "startup_cities_data" failed.

dagster._core.errors.DagsterExecutionStepExecutionError: Error occurred while executing op "startup_cities_data"::

ValueError: Length mismatch: Expected axis has 9 elements, new values have 7 elements

Stack Trace:
  File "/usr/local/lib/python3.12/site-packages/dagster/_core/execution/plan/utils.py", line 57, in op_execution_error_boundary
    yield
  File "/usr/local/lib/python3.12/site-packages/dagster/_utils/__init__.py", line 394, in iterate_with_context
    next_output = next(iterator)
                  ^^^^^^^^^^^^^^
  File "/usr/local/lib/python3.12/site-packages/dagster/_core/execution/plan/compute_generator.py", line 135, in _coerce_op_compute_fn_to_iterator
    result = invoke_compute_fn(
             ^^^^^^^^^^^^^^^^^^
  File "/usr/local/lib/python3.12/site-packages/dagster/_core/execution/plan/compute_generator.py", line 115, in invoke_compute_fn
    return fn(context, **args_to_pass) if context_arg_provided else fn(**args_to_pass)
                                                                    ^^^^^^^^^^^^^^^^^^
  File "/opt/dagster/dagster_home/assets.py", line 127, in startup_cities_data
    df.columns = [
    ^^^^^^^^^^
  File "/usr/local/lib/python3.12/site-packages/pandas/core/generic.py", line 6335, in __setattr__
    return object.__setattr__(self, name, value)
           ^^^^^^^^^^^^^^^^^^^^^^^^^^^^^^^^^^^^^
  File "pandas/_libs/properties.pyx", line 69, in pandas._libs.properties.AxisProperty.__set__
  File "/usr/local/lib/python3.12/site-packages/pandas/core/generic.py", line 817, in _set_axis
    self._mgr.set_axis(axis, labels)
  File "/usr/local/lib/python3.12/site-packages/pandas/core/internals/managers.py", line 238, in set_axis
    self._validate_set_axis(axis, new_labels)
  File "/usr/local/lib/python3.12/site-packages/pandas/core/internals/base.py", line 98, in _validate_set_axis
    raise ValueError(

