2026-01-17 10:00:49 +0000 - dagster - DEBUG - __ASSET_JOB - dd383597-84bc-4091-b513-2dd0796e43b9 - 2486 - LOGS_CAPTURED - Started capturing logs in process (pid: 2486).
2026-01-17 10:00:49 +0000 - dagster - DEBUG - __ASSET_JOB - dd383597-84bc-4091-b513-2dd0796e43b9 - 2486 - startup_cities_data - STEP_START - Started execution of step "startup_cities_data".
2026-01-17 10:00:50 +0000 - dagster - ERROR - __ASSET_JOB - dd383597-84bc-4091-b513-2dd0796e43b9 - 2486 - startup_cities_data - STEP_FAILURE - Execution of step "startup_cities_data" failed.

dagster._core.errors.DagsterExecutionStepExecutionError: Error occurred while executing op "startup_cities_data"::

NameError: name 'context' is not defined

Stack Trace:
  File "/usr/local/lib/python3.12/site-packages/dagster/_core/execution/plan/utils.py", line 57, in op_execution_error_boundary
    yield
  File "/usr/local/lib/python3.12/site-packages/dagster/_utils/__init__.py", line 394, in iterate_with_context
    next_output = next(iterator)
                  ^^^^^^^^^^^^^^
  File "/usr/local/lib/python3.12/site-packages/dagster/_core/execution/plan/compute_generator.py", line 135, in _coerce_op_compute_fn_to_iterator
    result = invoke_compute_fn(
             ^^^^^^^^^^^^^^^^^^
  File "/usr/local/lib/python3.12/site-packages/dagster/_core/execution/plan/compute_generator.py", line 115, in invoke_compute_fn
    return fn(context, **args_to_pass) if context_arg_provided else fn(**args_to_pass)
                                                                    ^^^^^^^^^^^^^^^^^^
  File "/opt/dagster/dagster_home/assets.py", line 121, in startup_cities_data
    context.log.info(f"Columns found in Mongo: {df.columns.tolist()}")
    ^^^^^^^

