2026-01-17 10:45:30 +0000 - dagster - DEBUG - __ASSET_JOB - 91243d7d-2998-46b1-a3b0-da0c2c8ff3f7 - 14153 - LOGS_CAPTURED - Started capturing logs in process (pid: 14153).
2026-01-17 10:45:30 +0000 - dagster - DEBUG - __ASSET_JOB - 91243d7d-2998-46b1-a3b0-da0c2c8ff3f7 - 14153 - startup_cities_to_snowflake - STEP_START - Started execution of step "startup_cities_to_snowflake".
2026-01-17 10:45:30 +0000 - dagster - INFO - __ASSET_JOB - 91243d7d-2998-46b1-a3b0-da0c2c8ff3f7 - startup_cities_to_snowflake - Extracting data from MongoDB...
2026-01-17 10:45:32 +0000 - dagster - INFO - __ASSET_JOB - 91243d7d-2998-46b1-a3b0-da0c2c8ff3f7 - startup_cities_to_snowflake - Bypassing reflection and loading data...
2026-01-17 10:45:33 +0000 - dagster - ERROR - __ASSET_JOB - 91243d7d-2998-46b1-a3b0-da0c2c8ff3f7 - 14153 - startup_cities_to_snowflake - STEP_FAILURE - Execution of step "startup_cities_to_snowflake" failed.

dagster._core.errors.DagsterExecutionStepExecutionError: Error occurred while executing op "startup_cities_to_snowflake"::

NameError: name 'text' is not defined. Did you mean: 'next'?

Stack Trace:
  File "/usr/local/lib/python3.12/site-packages/dagster/_core/execution/plan/utils.py", line 57, in op_execution_error_boundary
    yield
  File "/usr/local/lib/python3.12/site-packages/dagster/_utils/__init__.py", line 394, in iterate_with_context
    next_output = next(iterator)
                  ^^^^^^^^^^^^^^
  File "/usr/local/lib/python3.12/site-packages/dagster/_core/execution/plan/compute_generator.py", line 135, in _coerce_op_compute_fn_to_iterator
    result = invoke_compute_fn(
             ^^^^^^^^^^^^^^^^^^
  File "/usr/local/lib/python3.12/site-packages/dagster/_core/execution/plan/compute_generator.py", line 115, in invoke_compute_fn
    return fn(context, **args_to_pass) if context_arg_provided else fn(**args_to_pass)
           ^^^^^^^^^^^^^^^^^^^^^^^^^^^
  File "/opt/dagster/dagster_home/assets.py", line 148, in startup_cities_to_snowflake
    conn.execute(text(f"CREATE OR REPLACE TABLE {sf_db}.{sf_schema}.STARTUP_CITIES AS SELECT * FROM ({df.head(0).to_sql('temp', engine, index=False, if_exists='replace')}) WHERE 1=0"))
                 ^^^^

