2026-01-17 10:20:36 +0000 - dagster - DEBUG - __ASSET_JOB - 9704600e-6e17-4153-879b-f208f7f363fd - 1468 - LOGS_CAPTURED - Started capturing logs in process (pid: 1468).
2026-01-17 10:20:36 +0000 - dagster - DEBUG - __ASSET_JOB - 9704600e-6e17-4153-879b-f208f7f363fd - 1468 - startup_cities_to_snowflake - STEP_START - Started execution of step "startup_cities_to_snowflake".
2026-01-17 10:20:36 +0000 - dagster - INFO - __ASSET_JOB - 9704600e-6e17-4153-879b-f208f7f363fd - startup_cities_to_snowflake - Connecting to Filess.io MongoDB...
2026-01-17 10:20:38 +0000 - dagster - INFO - __ASSET_JOB - 9704600e-6e17-4153-879b-f208f7f363fd - startup_cities_to_snowflake - Creating Snowflake Engine and uploading data...
2026-01-17 10:20:38 +0000 - dagster - ERROR - __ASSET_JOB - 9704600e-6e17-4153-879b-f208f7f363fd - 1468 - startup_cities_to_snowflake - STEP_FAILURE - Execution of step "startup_cities_to_snowflake" failed.

dagster._core.errors.DagsterExecutionStepExecutionError: Error occurred while executing op "startup_cities_to_snowflake"::

sqlalchemy.exc.NoSuchModuleError: Can't load plugin: sqlalchemy.dialects:snowflake

Stack Trace:
  File "/usr/local/lib/python3.12/site-packages/dagster/_core/execution/plan/utils.py", line 57, in op_execution_error_boundary
    yield
  File "/usr/local/lib/python3.12/site-packages/dagster/_utils/__init__.py", line 394, in iterate_with_context
    next_output = next(iterator)
                  ^^^^^^^^^^^^^^
  File "/usr/local/lib/python3.12/site-packages/dagster/_core/execution/plan/compute_generator.py", line 135, in _coerce_op_compute_fn_to_iterator
    result = invoke_compute_fn(
             ^^^^^^^^^^^^^^^^^^
  File "/usr/local/lib/python3.12/site-packages/dagster/_core/execution/plan/compute_generator.py", line 115, in invoke_compute_fn
    return fn(context, **args_to_pass) if context_arg_provided else fn(**args_to_pass)
           ^^^^^^^^^^^^^^^^^^^^^^^^^^^
  File "/opt/dagster/dagster_home/assets.py", line 147, in startup_cities_to_snowflake
    engine = create_engine(connection_string)
             ^^^^^^^^^^^^^^^^^^^^^^^^^^^^^^^^
  File "<string>", line 2, in create_engine
  File "/usr/local/lib/python3.12/site-packages/sqlalchemy/util/deprecations.py", line 281, in warned
    return fn(*args, **kwargs)  # type: ignore[no-any-return]
           ^^^^^^^^^^^^^^^^^^^
  File "/usr/local/lib/python3.12/site-packages/sqlalchemy/engine/create.py", line 568, in create_engine
    entrypoint = u._get_entrypoint()
                 ^^^^^^^^^^^^^^^^^^^
  File "/usr/local/lib/python3.12/site-packages/sqlalchemy/engine/url.py", line 772, in _get_entrypoint
    cls = registry.load(name)
          ^^^^^^^^^^^^^^^^^^^
  File "/usr/local/lib/python3.12/site-packages/sqlalchemy/util/langhelpers.py", line 453, in load
    raise exc.NoSuchModuleError(

